{"C:\\Users\\Usuario\\Documents\\proyecto2023\\server\\controllers\\teachers.controllers.js": {"path":"C:\\Users\\Usuario\\Documents\\proyecto2023\\server\\controllers\\teachers.controllers.js","statementMap":{"0":{"start":{"line":8,"column":27},"end":{"line":32,"column":1}},"1":{"start":{"line":9,"column":2},"end":{"line":31,"column":3}},"2":{"start":{"line":10,"column":4},"end":{"line":27,"column":7}},"3":{"start":{"line":11,"column":6},"end":{"line":26,"column":7}},"4":{"start":{"line":12,"column":8},"end":{"line":12,"column":47}},"5":{"start":{"line":14,"column":21},"end":{"line":14,"column":38}},"6":{"start":{"line":15,"column":27},"end":{"line":21,"column":12}},"7":{"start":{"line":17,"column":12},"end":{"line":17,"column":46}},"8":{"start":{"line":20,"column":12},"end":{"line":20,"column":27}},"9":{"start":{"line":22,"column":10},"end":{"line":24,"column":13}},"10":{"start":{"line":23,"column":12},"end":{"line":23,"column":36}},"11":{"start":{"line":25,"column":8},"end":{"line":25,"column":43}},"12":{"start":{"line":29,"column":4},"end":{"line":29,"column":23}},"13":{"start":{"line":30,"column":4},"end":{"line":30,"column":33}},"14":{"start":{"line":34,"column":28},"end":{"line":48,"column":1}},"15":{"start":{"line":35,"column":2},"end":{"line":47,"column":3}},"16":{"start":{"line":36,"column":4},"end":{"line":44,"column":7}},"17":{"start":{"line":37,"column":6},"end":{"line":43,"column":7}},"18":{"start":{"line":38,"column":8},"end":{"line":38,"column":47}},"19":{"start":{"line":40,"column":21},"end":{"line":40,"column":42}},"20":{"start":{"line":41,"column":28},"end":{"line":41,"column":32}},"21":{"start":{"line":42,"column":8},"end":{"line":42,"column":44}},"22":{"start":{"line":46,"column":4},"end":{"line":46,"column":33}},"23":{"start":{"line":50,"column":30},"end":{"line":75,"column":1}},"24":{"start":{"line":51,"column":2},"end":{"line":74,"column":5}},"25":{"start":{"line":52,"column":4},"end":{"line":73,"column":5}},"26":{"start":{"line":53,"column":6},"end":{"line":53,"column":45}},"27":{"start":{"line":55,"column":6},"end":{"line":72,"column":7}},"28":{"start":{"line":56,"column":23},"end":{"line":56,"column":33}},"29":{"start":{"line":57,"column":8},"end":{"line":57,"column":24}},"30":{"start":{"line":58,"column":22},"end":{"line":58,"column":51}},"31":{"start":{"line":59,"column":8},"end":{"line":69,"column":13}},"32":{"start":{"line":63,"column":12},"end":{"line":63,"column":27}},"33":{"start":{"line":64,"column":12},"end":{"line":64,"column":53}},"34":{"start":{"line":67,"column":12},"end":{"line":67,"column":29}},"35":{"start":{"line":68,"column":12},"end":{"line":68,"column":38}},"36":{"start":{"line":71,"column":8},"end":{"line":71,"column":36}},"37":{"start":{"line":76,"column":30},"end":{"line":96,"column":1}},"38":{"start":{"line":77,"column":2},"end":{"line":95,"column":5}},"39":{"start":{"line":78,"column":4},"end":{"line":94,"column":5}},"40":{"start":{"line":79,"column":6},"end":{"line":79,"column":45}},"41":{"start":{"line":81,"column":6},"end":{"line":93,"column":7}},"42":{"start":{"line":82,"column":8},"end":{"line":90,"column":9}},"43":{"start":{"line":83,"column":10},"end":{"line":83,"column":40}},"44":{"start":{"line":85,"column":10},"end":{"line":85,"column":32}},"45":{"start":{"line":86,"column":30},"end":{"line":86,"column":55}},"46":{"start":{"line":87,"column":10},"end":{"line":87,"column":35}},"47":{"start":{"line":88,"column":10},"end":{"line":88,"column":48}},"48":{"start":{"line":89,"column":10},"end":{"line":89,"column":48}},"49":{"start":{"line":92,"column":8},"end":{"line":92,"column":36}},"50":{"start":{"line":97,"column":26},"end":{"line":114,"column":1}},"51":{"start":{"line":98,"column":2},"end":{"line":113,"column":3}},"52":{"start":{"line":99,"column":4},"end":{"line":99,"column":48}},"53":{"start":{"line":101,"column":4},"end":{"line":112,"column":5}},"54":{"start":{"line":102,"column":6},"end":{"line":102,"column":28}},"55":{"start":{"line":103,"column":17},"end":{"line":103,"column":39}},"56":{"start":{"line":104,"column":17},"end":{"line":104,"column":57}},"57":{"start":{"line":105,"column":6},"end":{"line":105,"column":30}},"58":{"start":{"line":106,"column":19},"end":{"line":106,"column":37}},"59":{"start":{"line":107,"column":6},"end":{"line":107,"column":24}},"60":{"start":{"line":108,"column":6},"end":{"line":108,"column":37}},"61":{"start":{"line":109,"column":6},"end":{"line":109,"column":37}},"62":{"start":{"line":111,"column":6},"end":{"line":111,"column":34}},"63":{"start":{"line":116,"column":29},"end":{"line":116,"column":70}},"64":{"start":{"line":116,"column":43},"end":{"line":116,"column":70}},"65":{"start":{"line":118,"column":29},"end":{"line":135,"column":1}},"66":{"start":{"line":119,"column":2},"end":{"line":134,"column":5}},"67":{"start":{"line":120,"column":4},"end":{"line":133,"column":5}},"68":{"start":{"line":121,"column":6},"end":{"line":121,"column":45}},"69":{"start":{"line":123,"column":6},"end":{"line":132,"column":7}},"70":{"start":{"line":124,"column":23},"end":{"line":124,"column":33}},"71":{"start":{"line":125,"column":8},"end":{"line":125,"column":41}},"72":{"start":{"line":126,"column":8},"end":{"line":128,"column":68}},"73":{"start":{"line":130,"column":8},"end":{"line":130,"column":27}},"74":{"start":{"line":131,"column":8},"end":{"line":131,"column":56}},"75":{"start":{"line":137,"column":30},"end":{"line":156,"column":1}},"76":{"start":{"line":138,"column":2},"end":{"line":155,"column":5}},"77":{"start":{"line":139,"column":4},"end":{"line":154,"column":5}},"78":{"start":{"line":140,"column":6},"end":{"line":140,"column":45}},"79":{"start":{"line":142,"column":6},"end":{"line":153,"column":7}},"80":{"start":{"line":143,"column":23},"end":{"line":143,"column":33}},"81":{"start":{"line":144,"column":8},"end":{"line":144,"column":24}},"82":{"start":{"line":145,"column":8},"end":{"line":150,"column":9}},"83":{"start":{"line":146,"column":10},"end":{"line":146,"column":47}},"84":{"start":{"line":147,"column":10},"end":{"line":147,"column":55}},"85":{"start":{"line":149,"column":10},"end":{"line":149,"column":58}},"86":{"start":{"line":152,"column":8},"end":{"line":152,"column":56}},"87":{"start":{"line":158,"column":25},"end":{"line":184,"column":1}},"88":{"start":{"line":159,"column":2},"end":{"line":183,"column":5}},"89":{"start":{"line":160,"column":4},"end":{"line":182,"column":5}},"90":{"start":{"line":161,"column":6},"end":{"line":161,"column":45}},"91":{"start":{"line":163,"column":6},"end":{"line":181,"column":7}},"92":{"start":{"line":164,"column":23},"end":{"line":164,"column":33}},"93":{"start":{"line":165,"column":24},"end":{"line":165,"column":47}},"94":{"start":{"line":167,"column":10},"end":{"line":167,"column":17}},"95":{"start":{"line":168,"column":25},"end":{"line":177,"column":9}},"96":{"start":{"line":178,"column":8},"end":{"line":178,"column":27}},"97":{"start":{"line":180,"column":8},"end":{"line":180,"column":36}},"98":{"start":{"line":186,"column":27},"end":{"line":210,"column":1}},"99":{"start":{"line":187,"column":2},"end":{"line":209,"column":5}},"100":{"start":{"line":188,"column":4},"end":{"line":208,"column":5}},"101":{"start":{"line":189,"column":6},"end":{"line":189,"column":45}},"102":{"start":{"line":191,"column":6},"end":{"line":207,"column":7}},"103":{"start":{"line":192,"column":23},"end":{"line":192,"column":33}},"104":{"start":{"line":193,"column":22},"end":{"line":193,"column":48}},"105":{"start":{"line":194,"column":8},"end":{"line":204,"column":13}},"106":{"start":{"line":197,"column":12},"end":{"line":197,"column":35}},"107":{"start":{"line":198,"column":12},"end":{"line":198,"column":44}},"108":{"start":{"line":199,"column":12},"end":{"line":199,"column":45}},"109":{"start":{"line":202,"column":12},"end":{"line":202,"column":29}},"110":{"start":{"line":203,"column":12},"end":{"line":203,"column":38}},"111":{"start":{"line":206,"column":8},"end":{"line":206,"column":36}},"112":{"start":{"line":212,"column":27},"end":{"line":251,"column":1}},"113":{"start":{"line":213,"column":2},"end":{"line":250,"column":5}},"114":{"start":{"line":214,"column":4},"end":{"line":249,"column":5}},"115":{"start":{"line":215,"column":6},"end":{"line":215,"column":45}},"116":{"start":{"line":217,"column":6},"end":{"line":248,"column":7}},"117":{"start":{"line":218,"column":8},"end":{"line":218,"column":30}},"118":{"start":{"line":219,"column":57},"end":{"line":219,"column":65}},"119":{"start":{"line":220,"column":8},"end":{"line":245,"column":9}},"120":{"start":{"line":221,"column":25},"end":{"line":221,"column":78}},"121":{"start":{"line":222,"column":10},"end":{"line":222,"column":30}},"122":{"start":{"line":223,"column":10},"end":{"line":223,"column":59}},"123":{"start":{"line":224,"column":22},"end":{"line":224,"column":39}},"124":{"start":{"line":226,"column":28},"end":{"line":226,"column":44}},"125":{"start":{"line":227,"column":10},"end":{"line":242,"column":11}},"126":{"start":{"line":228,"column":29},"end":{"line":228,"column":74}},"127":{"start":{"line":229,"column":12},"end":{"line":229,"column":34}},"128":{"start":{"line":230,"column":32},"end":{"line":236,"column":14}},"129":{"start":{"line":237,"column":12},"end":{"line":237,"column":37}},"130":{"start":{"line":239,"column":12},"end":{"line":239,"column":47}},"131":{"start":{"line":241,"column":12},"end":{"line":241,"column":31}},"132":{"start":{"line":244,"column":10},"end":{"line":244,"column":54}},"133":{"start":{"line":247,"column":8},"end":{"line":247,"column":52}}},"fnMap":{"0":{"name":"(anonymous_0)","decl":{"start":{"line":8,"column":27},"end":{"line":8,"column":28}},"loc":{"start":{"line":8,"column":47},"end":{"line":32,"column":1}},"line":8},"1":{"name":"(anonymous_1)","decl":{"start":{"line":10,"column":36},"end":{"line":10,"column":37}},"loc":{"start":{"line":10,"column":57},"end":{"line":27,"column":5}},"line":10},"2":{"name":"(anonymous_2)","decl":{"start":{"line":16,"column":18},"end":{"line":16,"column":19}},"loc":{"start":{"line":16,"column":37},"end":{"line":18,"column":11}},"line":16},"3":{"name":"(anonymous_3)","decl":{"start":{"line":19,"column":15},"end":{"line":19,"column":16}},"loc":{"start":{"line":19,"column":34},"end":{"line":21,"column":11}},"line":19},"4":{"name":"(anonymous_4)","decl":{"start":{"line":22,"column":31},"end":{"line":22,"column":32}},"loc":{"start":{"line":22,"column":48},"end":{"line":24,"column":11}},"line":22},"5":{"name":"(anonymous_5)","decl":{"start":{"line":34,"column":28},"end":{"line":34,"column":29}},"loc":{"start":{"line":34,"column":48},"end":{"line":48,"column":1}},"line":34},"6":{"name":"(anonymous_6)","decl":{"start":{"line":36,"column":36},"end":{"line":36,"column":37}},"loc":{"start":{"line":36,"column":57},"end":{"line":44,"column":5}},"line":36},"7":{"name":"(anonymous_7)","decl":{"start":{"line":50,"column":30},"end":{"line":50,"column":31}},"loc":{"start":{"line":50,"column":50},"end":{"line":75,"column":1}},"line":50},"8":{"name":"(anonymous_8)","decl":{"start":{"line":51,"column":34},"end":{"line":51,"column":35}},"loc":{"start":{"line":51,"column":55},"end":{"line":74,"column":3}},"line":51},"9":{"name":"(anonymous_9)","decl":{"start":{"line":61,"column":16},"end":{"line":61,"column":17}},"loc":{"start":{"line":61,"column":26},"end":{"line":65,"column":11}},"line":61},"10":{"name":"(anonymous_10)","decl":{"start":{"line":66,"column":17},"end":{"line":66,"column":18}},"loc":{"start":{"line":66,"column":26},"end":{"line":69,"column":11}},"line":66},"11":{"name":"(anonymous_11)","decl":{"start":{"line":76,"column":30},"end":{"line":76,"column":31}},"loc":{"start":{"line":76,"column":50},"end":{"line":96,"column":1}},"line":76},"12":{"name":"(anonymous_12)","decl":{"start":{"line":77,"column":34},"end":{"line":77,"column":35}},"loc":{"start":{"line":77,"column":55},"end":{"line":95,"column":3}},"line":77},"13":{"name":"(anonymous_13)","decl":{"start":{"line":97,"column":26},"end":{"line":97,"column":27}},"loc":{"start":{"line":97,"column":46},"end":{"line":114,"column":1}},"line":97},"14":{"name":"(anonymous_14)","decl":{"start":{"line":116,"column":29},"end":{"line":116,"column":30}},"loc":{"start":{"line":116,"column":43},"end":{"line":116,"column":70}},"line":116},"15":{"name":"(anonymous_15)","decl":{"start":{"line":118,"column":29},"end":{"line":118,"column":30}},"loc":{"start":{"line":118,"column":49},"end":{"line":135,"column":1}},"line":118},"16":{"name":"(anonymous_16)","decl":{"start":{"line":119,"column":34},"end":{"line":119,"column":35}},"loc":{"start":{"line":119,"column":55},"end":{"line":134,"column":3}},"line":119},"17":{"name":"(anonymous_17)","decl":{"start":{"line":137,"column":30},"end":{"line":137,"column":31}},"loc":{"start":{"line":137,"column":50},"end":{"line":156,"column":1}},"line":137},"18":{"name":"(anonymous_18)","decl":{"start":{"line":138,"column":34},"end":{"line":138,"column":35}},"loc":{"start":{"line":138,"column":55},"end":{"line":155,"column":3}},"line":138},"19":{"name":"(anonymous_19)","decl":{"start":{"line":158,"column":25},"end":{"line":158,"column":26}},"loc":{"start":{"line":158,"column":45},"end":{"line":184,"column":1}},"line":158},"20":{"name":"(anonymous_20)","decl":{"start":{"line":159,"column":34},"end":{"line":159,"column":35}},"loc":{"start":{"line":159,"column":55},"end":{"line":183,"column":3}},"line":159},"21":{"name":"(anonymous_21)","decl":{"start":{"line":186,"column":27},"end":{"line":186,"column":28}},"loc":{"start":{"line":186,"column":47},"end":{"line":210,"column":1}},"line":186},"22":{"name":"(anonymous_22)","decl":{"start":{"line":187,"column":34},"end":{"line":187,"column":35}},"loc":{"start":{"line":187,"column":55},"end":{"line":209,"column":3}},"line":187},"23":{"name":"(anonymous_23)","decl":{"start":{"line":196,"column":16},"end":{"line":196,"column":17}},"loc":{"start":{"line":196,"column":31},"end":{"line":200,"column":11}},"line":196},"24":{"name":"(anonymous_24)","decl":{"start":{"line":201,"column":17},"end":{"line":201,"column":18}},"loc":{"start":{"line":201,"column":26},"end":{"line":204,"column":11}},"line":201},"25":{"name":"(anonymous_25)","decl":{"start":{"line":212,"column":27},"end":{"line":212,"column":28}},"loc":{"start":{"line":212,"column":47},"end":{"line":251,"column":1}},"line":212},"26":{"name":"(anonymous_26)","decl":{"start":{"line":213,"column":34},"end":{"line":213,"column":35}},"loc":{"start":{"line":213,"column":55},"end":{"line":250,"column":3}},"line":213}},"branchMap":{"0":{"loc":{"start":{"line":11,"column":6},"end":{"line":26,"column":7}},"type":"if","locations":[{"start":{"line":11,"column":6},"end":{"line":26,"column":7}},{"start":{"line":13,"column":13},"end":{"line":26,"column":7}}],"line":11},"1":{"loc":{"start":{"line":37,"column":6},"end":{"line":43,"column":7}},"type":"if","locations":[{"start":{"line":37,"column":6},"end":{"line":43,"column":7}},{"start":{"line":39,"column":13},"end":{"line":43,"column":7}}],"line":37},"2":{"loc":{"start":{"line":52,"column":4},"end":{"line":73,"column":5}},"type":"if","locations":[{"start":{"line":52,"column":4},"end":{"line":73,"column":5}},{"start":{"line":54,"column":11},"end":{"line":73,"column":5}}],"line":52},"3":{"loc":{"start":{"line":78,"column":4},"end":{"line":94,"column":5}},"type":"if","locations":[{"start":{"line":78,"column":4},"end":{"line":94,"column":5}},{"start":{"line":80,"column":11},"end":{"line":94,"column":5}}],"line":78},"4":{"loc":{"start":{"line":82,"column":8},"end":{"line":90,"column":9}},"type":"if","locations":[{"start":{"line":82,"column":8},"end":{"line":90,"column":9}},{"start":{"line":84,"column":15},"end":{"line":90,"column":9}}],"line":82},"5":{"loc":{"start":{"line":98,"column":2},"end":{"line":113,"column":3}},"type":"if","locations":[{"start":{"line":98,"column":2},"end":{"line":113,"column":3}},{"start":{"line":100,"column":9},"end":{"line":113,"column":3}}],"line":98},"6":{"loc":{"start":{"line":120,"column":4},"end":{"line":133,"column":5}},"type":"if","locations":[{"start":{"line":120,"column":4},"end":{"line":133,"column":5}},{"start":{"line":122,"column":11},"end":{"line":133,"column":5}}],"line":120},"7":{"loc":{"start":{"line":139,"column":4},"end":{"line":154,"column":5}},"type":"if","locations":[{"start":{"line":139,"column":4},"end":{"line":154,"column":5}},{"start":{"line":141,"column":11},"end":{"line":154,"column":5}}],"line":139},"8":{"loc":{"start":{"line":160,"column":4},"end":{"line":182,"column":5}},"type":"if","locations":[{"start":{"line":160,"column":4},"end":{"line":182,"column":5}},{"start":{"line":162,"column":11},"end":{"line":182,"column":5}}],"line":160},"9":{"loc":{"start":{"line":188,"column":4},"end":{"line":208,"column":5}},"type":"if","locations":[{"start":{"line":188,"column":4},"end":{"line":208,"column":5}},{"start":{"line":190,"column":11},"end":{"line":208,"column":5}}],"line":188},"10":{"loc":{"start":{"line":214,"column":4},"end":{"line":249,"column":5}},"type":"if","locations":[{"start":{"line":214,"column":4},"end":{"line":249,"column":5}},{"start":{"line":216,"column":11},"end":{"line":249,"column":5}}],"line":214},"11":{"loc":{"start":{"line":220,"column":8},"end":{"line":245,"column":9}},"type":"if","locations":[{"start":{"line":220,"column":8},"end":{"line":245,"column":9}},{"start":{"line":243,"column":15},"end":{"line":245,"column":9}}],"line":220},"12":{"loc":{"start":{"line":220,"column":12},"end":{"line":220,"column":37}},"type":"binary-expr","locations":[{"start":{"line":220,"column":12},"end":{"line":220,"column":30}},{"start":{"line":220,"column":34},"end":{"line":220,"column":37}}],"line":220}},"s":{"0":1,"1":0,"2":0,"3":0,"4":0,"5":0,"6":0,"7":0,"8":0,"9":0,"10":0,"11":0,"12":0,"13":0,"14":1,"15":0,"16":0,"17":0,"18":0,"19":0,"20":0,"21":0,"22":0,"23":1,"24":0,"25":0,"26":0,"27":0,"28":0,"29":0,"30":0,"31":0,"32":0,"33":0,"34":0,"35":0,"36":0,"37":1,"38":0,"39":0,"40":0,"41":0,"42":0,"43":0,"44":0,"45":0,"46":0,"47":0,"48":0,"49":0,"50":1,"51":2,"52":0,"53":2,"54":2,"55":2,"56":2,"57":2,"58":2,"59":2,"60":0,"61":0,"62":0,"63":1,"64":0,"65":1,"66":0,"67":0,"68":0,"69":0,"70":0,"71":0,"72":0,"73":0,"74":0,"75":1,"76":0,"77":0,"78":0,"79":0,"80":0,"81":0,"82":0,"83":0,"84":0,"85":0,"86":0,"87":1,"88":0,"89":0,"90":0,"91":0,"92":0,"93":0,"94":0,"95":0,"96":0,"97":0,"98":1,"99":0,"100":0,"101":0,"102":0,"103":0,"104":0,"105":0,"106":0,"107":0,"108":0,"109":0,"110":0,"111":0,"112":1,"113":0,"114":0,"115":0,"116":0,"117":0,"118":0,"119":0,"120":0,"121":0,"122":0,"123":0,"124":0,"125":0,"126":0,"127":0,"128":0,"129":0,"130":0,"131":0,"132":0,"133":0},"f":{"0":0,"1":0,"2":0,"3":0,"4":0,"5":0,"6":0,"7":0,"8":0,"9":0,"10":0,"11":0,"12":0,"13":2,"14":0,"15":0,"16":0,"17":0,"18":0,"19":0,"20":0,"21":0,"22":0,"23":0,"24":0,"25":0,"26":0},"b":{"0":[0,0],"1":[0,0],"2":[0,0],"3":[0,0],"4":[0,0],"5":[0,2],"6":[0,0],"7":[0,0],"8":[0,0],"9":[0,0],"10":[0,0],"11":[0,0],"12":[0,0]},"_coverageSchema":"1a1c01bbd47fc00a2c39e90264f33305004495a9","hash":"40d3463bfb5d4b9666166c1d4272b26b6a6ca52d"}
,"C:\\Users\\Usuario\\Documents\\proyecto2023\\server\\controllers\\users.controllers.js": {"path":"C:\\Users\\Usuario\\Documents\\proyecto2023\\server\\controllers\\users.controllers.js","statementMap":{"0":{"start":{"line":8,"column":25},"end":{"line":27,"column":1}},"1":{"start":{"line":9,"column":2},"end":{"line":9,"column":24}},"2":{"start":{"line":10,"column":26},"end":{"line":10,"column":34}},"3":{"start":{"line":11,"column":16},"end":{"line":11,"column":43}},"4":{"start":{"line":12,"column":2},"end":{"line":26,"column":7}},"5":{"start":{"line":16,"column":20},"end":{"line":16,"column":81}},"6":{"start":{"line":16,"column":41},"end":{"line":16,"column":80}},"7":{"start":{"line":17,"column":20},"end":{"line":17,"column":29}},"8":{"start":{"line":18,"column":20},"end":{"line":18,"column":50}},"9":{"start":{"line":19,"column":23},"end":{"line":19,"column":87}},"10":{"start":{"line":20,"column":6},"end":{"line":20,"column":32}},"11":{"start":{"line":21,"column":6},"end":{"line":21,"column":25}},"12":{"start":{"line":24,"column":6},"end":{"line":24,"column":23}},"13":{"start":{"line":25,"column":6},"end":{"line":25,"column":32}},"14":{"start":{"line":29,"column":26},"end":{"line":39,"column":1}},"15":{"start":{"line":30,"column":17},"end":{"line":30,"column":27}},"16":{"start":{"line":31,"column":2},"end":{"line":38,"column":3}},"17":{"start":{"line":32,"column":4},"end":{"line":32,"column":47}},"18":{"start":{"line":33,"column":4},"end":{"line":33,"column":36}},"19":{"start":{"line":34,"column":4},"end":{"line":34,"column":27}},"20":{"start":{"line":36,"column":4},"end":{"line":36,"column":19}},"21":{"start":{"line":37,"column":4},"end":{"line":37,"column":23}},"22":{"start":{"line":43,"column":30},"end":{"line":79,"column":1}},"23":{"start":{"line":44,"column":2},"end":{"line":78,"column":3}},"24":{"start":{"line":45,"column":14},"end":{"line":45,"column":24}},"25":{"start":{"line":46,"column":53},"end":{"line":46,"column":61}},"26":{"start":{"line":47,"column":4},"end":{"line":75,"column":5}},"27":{"start":{"line":49,"column":21},"end":{"line":49,"column":74}},"28":{"start":{"line":50,"column":6},"end":{"line":50,"column":55}},"29":{"start":{"line":51,"column":6},"end":{"line":51,"column":26}},"30":{"start":{"line":52,"column":18},"end":{"line":52,"column":35}},"31":{"start":{"line":54,"column":24},"end":{"line":54,"column":40}},"32":{"start":{"line":55,"column":19},"end":{"line":55,"column":45}},"33":{"start":{"line":56,"column":6},"end":{"line":71,"column":7}},"34":{"start":{"line":57,"column":8},"end":{"line":57,"column":51}},"35":{"start":{"line":59,"column":28},"end":{"line":65,"column":10}},"36":{"start":{"line":66,"column":8},"end":{"line":66,"column":33}},"37":{"start":{"line":68,"column":8},"end":{"line":68,"column":27}},"38":{"start":{"line":70,"column":8},"end":{"line":70,"column":27}},"39":{"start":{"line":73,"column":6},"end":{"line":73,"column":25}},"40":{"start":{"line":74,"column":6},"end":{"line":74,"column":34}},"41":{"start":{"line":77,"column":4},"end":{"line":77,"column":32}}},"fnMap":{"0":{"name":"(anonymous_0)","decl":{"start":{"line":8,"column":25},"end":{"line":8,"column":26}},"loc":{"start":{"line":8,"column":45},"end":{"line":27,"column":1}},"line":8},"1":{"name":"(anonymous_1)","decl":{"start":{"line":14,"column":10},"end":{"line":14,"column":11}},"loc":{"start":{"line":14,"column":21},"end":{"line":22,"column":5}},"line":14},"2":{"name":"(anonymous_2)","decl":{"start":{"line":16,"column":31},"end":{"line":16,"column":32}},"loc":{"start":{"line":16,"column":41},"end":{"line":16,"column":80}},"line":16},"3":{"name":"(anonymous_3)","decl":{"start":{"line":23,"column":11},"end":{"line":23,"column":12}},"loc":{"start":{"line":23,"column":20},"end":{"line":26,"column":5}},"line":23},"4":{"name":"(anonymous_4)","decl":{"start":{"line":29,"column":26},"end":{"line":29,"column":27}},"loc":{"start":{"line":29,"column":46},"end":{"line":39,"column":1}},"line":29},"5":{"name":"(anonymous_5)","decl":{"start":{"line":43,"column":30},"end":{"line":43,"column":31}},"loc":{"start":{"line":43,"column":50},"end":{"line":79,"column":1}},"line":43}},"branchMap":{"0":{"loc":{"start":{"line":47,"column":4},"end":{"line":75,"column":5}},"type":"if","locations":[{"start":{"line":47,"column":4},"end":{"line":75,"column":5}},{"start":{"line":72,"column":11},"end":{"line":75,"column":5}}],"line":47},"1":{"loc":{"start":{"line":47,"column":8},"end":{"line":47,"column":33}},"type":"binary-expr","locations":[{"start":{"line":47,"column":8},"end":{"line":47,"column":26}},{"start":{"line":47,"column":30},"end":{"line":47,"column":33}}],"line":47}},"s":{"0":1,"1":0,"2":0,"3":0,"4":0,"5":0,"6":0,"7":0,"8":0,"9":0,"10":0,"11":0,"12":0,"13":0,"14":1,"15":0,"16":0,"17":0,"18":0,"19":0,"20":0,"21":0,"22":1,"23":0,"24":0,"25":0,"26":0,"27":0,"28":0,"29":0,"30":0,"31":0,"32":0,"33":0,"34":0,"35":0,"36":0,"37":0,"38":0,"39":0,"40":0,"41":0},"f":{"0":0,"1":0,"2":0,"3":0,"4":0,"5":0},"b":{"0":[0,0],"1":[0,0]},"_coverageSchema":"1a1c01bbd47fc00a2c39e90264f33305004495a9","hash":"11abd5f65dc53c73f06be8f18b8ab84a66cfff44"}
,"C:\\Users\\Usuario\\Documents\\proyecto2023\\server\\libs\\cloudinary.js": {"path":"C:\\Users\\Usuario\\Documents\\proyecto2023\\server\\libs\\cloudinary.js","statementMap":{"0":{"start":{"line":3,"column":0},"end":{"line":7,"column":2}},"1":{"start":{"line":8,"column":30},"end":{"line":15,"column":1}},"2":{"start":{"line":9,"column":4},"end":{"line":14,"column":6}},"3":{"start":{"line":17,"column":27},"end":{"line":27,"column":3}},"4":{"start":{"line":18,"column":4},"end":{"line":26,"column":7}},"5":{"start":{"line":19,"column":25},"end":{"line":19,"column":34}},"6":{"start":{"line":20,"column":20},"end":{"line":22,"column":12}},"7":{"start":{"line":23,"column":8},"end":{"line":23,"column":19}},"8":{"start":{"line":25,"column":8},"end":{"line":25,"column":29}}},"fnMap":{"0":{"name":"(anonymous_0)","decl":{"start":{"line":8,"column":30},"end":{"line":8,"column":31}},"loc":{"start":{"line":8,"column":47},"end":{"line":15,"column":1}},"line":8},"1":{"name":"(anonymous_1)","decl":{"start":{"line":17,"column":27},"end":{"line":17,"column":28}},"loc":{"start":{"line":17,"column":46},"end":{"line":27,"column":3}},"line":17}},"branchMap":{},"s":{"0":1,"1":1,"2":0,"3":1,"4":0,"5":0,"6":0,"7":0,"8":0},"f":{"0":0,"1":0},"b":{},"_coverageSchema":"1a1c01bbd47fc00a2c39e90264f33305004495a9","hash":"bad5acb15b5a68447bcd62b68089f45d3df3f5a3"}
,"C:\\Users\\Usuario\\Documents\\proyecto2023\\server\\models\\Contract.js": {"path":"C:\\Users\\Usuario\\Documents\\proyecto2023\\server\\models\\Contract.js","statementMap":{"0":{"start":{"line":4,"column":19},"end":{"line":28,"column":1}}},"fnMap":{},"branchMap":{},"s":{"0":1},"f":{},"b":{},"_coverageSchema":"1a1c01bbd47fc00a2c39e90264f33305004495a9","hash":"5a86f8d6a2c9a3194519af6a891a470634c455f4"}
,"C:\\Users\\Usuario\\Documents\\proyecto2023\\server\\models\\LogContract.js": {"path":"C:\\Users\\Usuario\\Documents\\proyecto2023\\server\\models\\LogContract.js","statementMap":{"0":{"start":{"line":4,"column":19},"end":{"line":32,"column":1}}},"fnMap":{},"branchMap":{},"s":{"0":1},"f":{},"b":{},"_coverageSchema":"1a1c01bbd47fc00a2c39e90264f33305004495a9","hash":"fef6239fe3eedae0f42d72eade8b84217b0903fa"}
,"C:\\Users\\Usuario\\Documents\\proyecto2023\\server\\models\\User.js": {"path":"C:\\Users\\Usuario\\Documents\\proyecto2023\\server\\models\\User.js","statementMap":{"0":{"start":{"line":5,"column":19},"end":{"line":52,"column":1}}},"fnMap":{},"branchMap":{},"s":{"0":1},"f":{},"b":{},"_coverageSchema":"1a1c01bbd47fc00a2c39e90264f33305004495a9","hash":"e67684ca2b55575a454753bfb2eccded8fa2b8e9"}
}
